<?xml version="1.0" encoding="UTF-8"?>
<Site BuildName="Linux-g++"
	BuildStamp="20251103-1432-Experimental"
	Name="codespaces-dd68a3"
	Generator="ctest-3.28.3"
	CompilerName="/usr/bin/g++"
	CompilerVersion="13.3.0"
	OSName="Linux"
	Hostname="codespaces-dd68a3"
	OSRelease="6.8.0-1030-azure"
	OSVersion="#35~22.04.1-Ubuntu SMP Mon May 26 18:08:30 UTC 2025"
	OSPlatform="x86_64"
	Is64Bits="1"
	VendorString="GenuineIntel"
	VendorID="Intel Corporation"
	FamilyID="6"
	ModelID="106"
	ProcessorCacheSize="49152"
	NumberOfLogicalCPU="2"
	NumberOfPhysicalCPU="1"
	TotalVirtualMemory="0"
	TotalPhysicalMemory="7943"
	LogicalProcessorsPerPhysical="2"
	ProcessorClockFrequency="3582.13"
	>
	<Testing>
		<StartDateTime>Nov 03 14:34 UTC</StartDateTime>
		<StartTestTime>1762180475</StartTestTime>
		<TestList/>
		<EndDateTime>Nov 03 14:34 UTC</EndDateTime>
		<EndTestTime>1762180475</EndTestTime>
		<ElapsedMinutes>0</ElapsedMinutes>
	</Testing>
</Site>
